# JRE version: Java(TM) SE Runtime Environment (8.0_45-b15) (build 1.8.0_45-b15)
# Java VM: Java HotSpot(TM) 64-Bit Server VM (25.45-b02 mixed mode windows-amd64 compressed oops)
Heap:
 PSYoungGen      total 371200K, used 119369K [0x00000000d5c00000, 0x00000000eda00000, 0x0000000100000000)
  eden space 352256K, 33% used [0x00000000d5c00000,0x00000000dd0925b0,0x00000000eb400000)
  from space 18944K, 0% used [0x00000000ec780000,0x00000000ec780000,0x00000000eda00000)
  to   space 19456K, 0% used [0x00000000eb400000,0x00000000eb400000,0x00000000ec700000)
 ParOldGen       total 97792K, used 19870K [0x0000000081400000, 0x0000000087380000, 0x00000000d5c00000)
  object space 97792K, 20% used [0x0000000081400000,0x0000000082767b70,0x0000000087380000)
 Metaspace       used 60828K, capacity 64104K, committed 64216K, reserved 1105920K
  class space    used 8002K, capacity 8621K, committed 8704K, reserved 1048576K
GC Heap History (10 events):
Event: 73.163 GC heap before
{Heap before GC invocations=14 (full 4):
 PSYoungGen      total 371712K, used 5030K [0x00000000d5c00000, 0x00000000edb00000, 0x0000000100000000)
  eden space 352256K, 0% used [0x00000000d5c00000,0x00000000d5c00000,0x00000000eb400000)
  from space 19456K, 25% used [0x00000000ec800000,0x00000000ecce9860,0x00000000edb00000)
  to   space 19968K, 0% used [0x00000000eb400000,0x00000000eb400000,0x00000000ec780000)
 ParOldGen       total 97792K, used 36172K [0x0000000081400000, 0x0000000087380000, 0x00000000d5c00000)
  object space 97792K, 36% used [0x0000000081400000,0x0000000083753350,0x0000000087380000)
 Metaspace       used 60073K, capacity 62974K, committed 63192K, reserved 1103872K
  class space    used 7916K, capacity 8435K, committed 8448K, reserved 1048576K
Event: 73.308 GC heap after
Heap after GC invocations=14 (full 4):
 PSYoungGen      total 371712K, used 0K [0x00000000d5c00000, 0x00000000edb00000, 0x0000000100000000)
  eden space 352256K, 0% used [0x00000000d5c00000,0x00000000d5c00000,0x00000000eb400000)
  from space 19456K, 0% used [0x00000000ec800000,0x00000000ec800000,0x00000000edb00000)
  to   space 19968K, 0% used [0x00000000eb400000,0x00000000eb400000,0x00000000ec780000)
 ParOldGen       total 97792K, used 20522K [0x0000000081400000, 0x0000000087380000, 0x00000000d5c00000)
  object space 97792K, 20% used [0x0000000081400000,0x000000008280aa40,0x0000000087380000)
 Metaspace       used 60041K, capacity 62938K, committed 63192K, reserved 1103872K
  class space    used 7914K, capacity 8431K, committed 8448K, reserved 1048576K
}
Event: 83.911 GC heap before
{Heap before GC invocations=15 (full 4):
 PSYoungGen      total 371712K, used 164209K [0x00000000d5c00000, 0x00000000edb00000, 0x0000000100000000)
  eden space 352256K, 46% used [0x00000000d5c00000,0x00000000dfc5c638,0x00000000eb400000)
  from space 19456K, 0% used [0x00000000ec800000,0x00000000ec800000,0x00000000edb00000)
  to   space 19968K, 0% used [0x00000000eb400000,0x00000000eb400000,0x00000000ec780000)
 ParOldGen       total 97792K, used 20522K [0x0000000081400000, 0x0000000087380000, 0x00000000d5c00000)
  object space 97792K, 20% used [0x0000000081400000,0x000000008280aa40,0x0000000087380000)
 Metaspace       used 60352K, capacity 63436K, committed 63576K, reserved 1103872K
  class space    used 7951K, capacity 8503K, committed 8576K, reserved 1048576K
Event: 83.918 GC heap after
Heap after GC invocations=15 (full 4):
 PSYoungGen      total 372224K, used 3856K [0x00000000d5c00000, 0x00000000edb00000, 0x0000000100000000)
  eden space 352256K, 0% used [0x00000000d5c00000,0x00000000d5c00000,0x00000000eb400000)
  from space 19968K, 19% used [0x00000000eb400000,0x00000000eb7c4110,0x00000000ec780000)
  to   space 19968K, 0% used [0x00000000ec780000,0x00000000ec780000,0x00000000edb00000)
 ParOldGen       total 97792K, used 20530K [0x0000000081400000, 0x0000000087380000, 0x00000000d5c00000)
  object space 97792K, 20% used [0x0000000081400000,0x000000008280ca40,0x0000000087380000)
 Metaspace       used 60352K, capacity 63436K, committed 63576K, reserved 1103872K
  class space    used 7951K, capacity 8503K, committed 8576K, reserved 1048576K
}
Event: 83.918 GC heap before
{Heap before GC invocations=16 (full 5):
 PSYoungGen      total 372224K, used 3856K [0x00000000d5c00000, 0x00000000edb00000, 0x0000000100000000)
  eden space 352256K, 0% used [0x00000000d5c00000,0x00000000d5c00000,0x00000000eb400000)
  from space 19968K, 19% used [0x00000000eb400000,0x00000000eb7c4110,0x00000000ec780000)
  to   space 19968K, 0% used [0x00000000ec780000,0x00000000ec780000,0x00000000edb00000)
 ParOldGen       total 97792K, used 20530K [0x0000000081400000, 0x0000000087380000, 0x00000000d5c00000)
  object space 97792K, 20% used [0x0000000081400000,0x000000008280ca40,0x0000000087380000)
 Metaspace       used 60352K, capacity 63436K, committed 63576K, reserved 1103872K
  class space    used 7951K, capacity 8503K, committed 8576K, reserved 1048576K
Event: 84.086 GC heap after
Heap after GC invocations=16 (full 5):
 PSYoungGen      total 372224K, used 0K [0x00000000d5c00000, 0x00000000edb00000, 0x0000000100000000)
  eden space 352256K, 0% used [0x00000000d5c00000,0x00000000d5c00000,0x00000000eb400000)
  from space 19968K, 0% used [0x00000000eb400000,0x00000000eb400000,0x00000000ec780000)
  to   space 19968K, 0% used [0x00000000ec780000,0x00000000ec780000,0x00000000edb00000)
 ParOldGen       total 97792K, used 18753K [0x0000000081400000, 0x0000000087380000, 0x00000000d5c00000)
  object space 97792K, 19% used [0x0000000081400000,0x00000000826507a0,0x0000000087380000)
 Metaspace       used 60352K, capacity 63436K, committed 63576K, reserved 1103872K
  class space    used 7951K, capacity 8503K, committed 8576K, reserved 1048576K
}
Event: 297.700 GC heap before
{Heap before GC invocations=17 (full 5):
 PSYoungGen      total 372224K, used 192639K [0x00000000d5c00000, 0x00000000edb00000, 0x0000000100000000)
  eden space 352256K, 54% used [0x00000000d5c00000,0x00000000e181fc20,0x00000000eb400000)
  from space 19968K, 0% used [0x00000000eb400000,0x00000000eb400000,0x00000000ec780000)
  to   space 19968K, 0% used [0x00000000ec780000,0x00000000ec780000,0x00000000edb00000)
 ParOldGen       total 97792K, used 18753K [0x0000000081400000, 0x0000000087380000, 0x00000000d5c00000)
  object space 97792K, 19% used [0x0000000081400000,0x00000000826507a0,0x0000000087380000)
 Metaspace       used 60710K, capacity 63884K, committed 64088K, reserved 1105920K
  class space    used 7986K, capacity 8574K, committed 8576K, reserved 1048576K
Event: 297.708 GC heap after
Heap after GC invocations=17 (full 5):
 PSYoungGen      total 371200K, used 4926K [0x00000000d5c00000, 0x00000000eda00000, 0x0000000100000000)
  eden space 352256K, 0% used [0x00000000d5c00000,0x00000000d5c00000,0x00000000eb400000)
  from space 18944K, 26% used [0x00000000ec780000,0x00000000ecc4fa88,0x00000000eda00000)
  to   space 19456K, 0% used [0x00000000eb400000,0x00000000eb400000,0x00000000ec700000)
 ParOldGen       total 97792K, used 18761K [0x0000000081400000, 0x0000000087380000, 0x00000000d5c00000)
  object space 97792K, 19% used [0x0000000081400000,0x00000000826527a0,0x0000000087380000)
 Metaspace       used 60710K, capacity 63884K, committed 64088K, reserved 1105920K
  class space    used 7986K, capacity 8574K, committed 8576K, reserved 1048576K
}
Event: 297.708 GC heap before
{Heap before GC invocations=18 (full 6):
 PSYoungGen      total 371200K, used 4926K [0x00000000d5c00000, 0x00000000eda00000, 0x0000000100000000)
  eden space 352256K, 0% used [0x00000000d5c00000,0x00000000d5c00000,0x00000000eb400000)
  from space 18944K, 26% used [0x00000000ec780000,0x00000000ecc4fa88,0x00000000eda00000)
  to   space 19456K, 0% used [0x00000000eb400000,0x00000000eb400000,0x00000000ec700000)
 ParOldGen       total 97792K, used 18761K [0x0000000081400000, 0x0000000087380000, 0x00000000d5c00000)
  object space 97792K, 19% used [0x0000000081400000,0x00000000826527a0,0x0000000087380000)
 Metaspace       used 60710K, capacity 63884K, committed 64088K, reserved 1105920K
  class space    used 7986K, capacity 8574K, committed 8576K, reserved 1048576K
Event: 297.856 GC heap after
Heap after GC invocations=18 (full 6):
 PSYoungGen      total 371200K, used 0K [0x00000000d5c00000, 0x00000000eda00000, 0x0000000100000000)
  eden space 352256K, 0% used [0x00000000d5c00000,0x00000000d5c00000,0x00000000eb400000)
  from space 18944K, 0% used [0x00000000ec780000,0x00000000ec780000,0x00000000eda00000)
  to   space 19456K, 0% used [0x00000000eb400000,0x00000000eb400000,0x00000000ec700000)
 ParOldGen       total 97792K, used 19870K [0x0000000081400000, 0x0000000087380000, 0x00000000d5c00000)
  object space 97792K, 20% used [0x0000000081400000,0x0000000082767b70,0x0000000087380000)
 Metaspace       used 60675K, capacity 63842K, committed 64088K, reserved 1105920K
  class space    used 7984K, capacity 8568K, committed 8576K, reserved 1048576K
}

